2024-03-04T10:21:06.083+05:30  INFO 16220 --- [restartedMain] com.example.project.ProjectApplication   : Starting ProjectApplication using Java 17.0.10 with PID 16220 (C:\Users\welcome\Downloads\project\project\target\classes started by welcome in C:\Users\welcome\Downloads\project)
2024-03-04T10:21:06.085+05:30 DEBUG 16220 --- [restartedMain] com.example.project.ProjectApplication   : Running with Spring Boot v3.2.2, Spring v6.1.3
2024-03-04T10:21:06.086+05:30  INFO 16220 --- [restartedMain] com.example.project.ProjectApplication   : No active profile set, falling back to 1 default profile: "default"
2024-03-04T10:21:07.485+05:30  INFO 16220 --- [restartedMain] .s.d.r.c.RepositoryConfigurationDelegate : Bootstrapping Spring Data JPA repositories in DEFAULT mode.
2024-03-04T10:21:07.600+05:30  INFO 16220 --- [restartedMain] .s.d.r.c.RepositoryConfigurationDelegate : Finished Spring Data repository scanning in 34 ms. Found 1 JPA repository interface.
2024-03-04T10:21:08.293+05:30  INFO 16220 --- [restartedMain] o.s.b.w.embedded.tomcat.TomcatWebServer  : Tomcat initialized with port 8080 (http)
2024-03-04T10:21:08.322+05:30  INFO 16220 --- [restartedMain] o.apache.catalina.core.StandardService   : Starting service [Tomcat]
2024-03-04T10:21:08.327+05:30  INFO 16220 --- [restartedMain] o.apache.catalina.core.StandardEngine    : Starting Servlet engine: [Apache Tomcat/10.1.18]
2024-03-04T10:21:08.431+05:30  INFO 16220 --- [restartedMain] o.a.c.c.C.[Tomcat].[localhost].[/]       : Initializing Spring embedded WebApplicationContext
2024-03-04T10:21:08.432+05:30  INFO 16220 --- [restartedMain] w.s.c.ServletWebServerApplicationContext : Root WebApplicationContext: initialization completed in 2303 ms
2024-03-04T10:21:08.581+05:30  INFO 16220 --- [restartedMain] o.hibernate.jpa.internal.util.LogHelper  : HHH000204: Processing PersistenceUnitInfo [name: default]
2024-03-04T10:21:08.599+05:30  INFO 16220 --- [restartedMain] o.h.c.internal.RegionFactoryInitiator    : HHH000026: Second-level cache disabled
2024-03-04T10:21:08.649+05:30  INFO 16220 --- [restartedMain] o.s.o.j.p.SpringPersistenceUnitInfo      : No LoadTimeWeaver setup: ignoring JPA class transformer
2024-03-04T10:21:08.661+05:30  INFO 16220 --- [restartedMain] com.zaxxer.hikari.HikariDataSource       : HikariPool-7 - Starting...
2024-03-04T10:21:08.726+05:30  INFO 16220 --- [restartedMain] com.zaxxer.hikari.pool.HikariPool        : HikariPool-7 - Added connection com.mysql.cj.jdbc.ConnectionImpl@4e8b9075
2024-03-04T10:21:08.730+05:30  INFO 16220 --- [restartedMain] com.zaxxer.hikari.HikariDataSource       : HikariPool-7 - Start completed.
2024-03-04T10:21:08.815+05:30  INFO 16220 --- [restartedMain] o.h.e.t.j.p.i.JtaPlatformInitiator       : HHH000489: No JTA platform available (set 'hibernate.transaction.jta.platform' to enable JTA platform integration)
2024-03-04T10:21:08.874+05:30  INFO 16220 --- [restartedMain] j.LocalContainerEntityManagerFactoryBean : Initialized JPA EntityManagerFactory for persistence unit 'default'
2024-03-04T10:21:09.303+05:30  WARN 16220 --- [restartedMain] JpaBaseConfiguration$JpaWebConfiguration : spring.jpa.open-in-view is enabled by default. Therefore, database queries may be performed during view rendering. Explicitly configure spring.jpa.open-in-view to disable this warning
2024-03-04T10:21:09.849+05:30  INFO 16220 --- [restartedMain] o.s.b.d.a.OptionalLiveReloadServer       : LiveReload server is running on port 35729
2024-03-04T10:21:09.903+05:30  INFO 16220 --- [restartedMain] o.s.b.w.embedded.tomcat.TomcatWebServer  : Tomcat started on port 8080 (http) with context path ''
2024-03-04T10:21:09.918+05:30  INFO 16220 --- [restartedMain] com.example.project.ProjectApplication   : Started ProjectApplication in 3.917 seconds (process running for 140.681)
2024-03-04T10:21:09.924+05:30  INFO 16220 --- [restartedMain] .ConditionEvaluationDeltaLoggingListener : Condition evaluation unchanged
2024-03-04T10:21:30.713+05:30  INFO 6628 --- [restartedMain] com.example.project.ProjectApplication   : Starting ProjectApplication using Java 17.0.10 with PID 6628 (C:\Users\welcome\Downloads\project\project\target\classes started by welcome in C:\Users\welcome\Downloads\project)
2024-03-04T10:21:30.720+05:30 DEBUG 6628 --- [restartedMain] com.example.project.ProjectApplication   : Running with Spring Boot v3.2.2, Spring v6.1.3
2024-03-04T10:21:30.723+05:30  INFO 6628 --- [restartedMain] com.example.project.ProjectApplication   : No active profile set, falling back to 1 default profile: "default"
2024-03-04T10:21:30.975+05:30  INFO 6628 --- [restartedMain] .e.DevToolsPropertyDefaultsPostProcessor : Devtools property defaults active! Set 'spring.devtools.add-properties' to 'false' to disable
2024-03-04T10:21:30.976+05:30  INFO 6628 --- [restartedMain] .e.DevToolsPropertyDefaultsPostProcessor : For additional web related logging consider setting the 'logging.level.web' property to 'DEBUG'
2024-03-04T10:21:33.258+05:30  INFO 6628 --- [restartedMain] .s.d.r.c.RepositoryConfigurationDelegate : Bootstrapping Spring Data JPA repositories in DEFAULT mode.
2024-03-04T10:21:33.376+05:30  INFO 6628 --- [restartedMain] .s.d.r.c.RepositoryConfigurationDelegate : Finished Spring Data repository scanning in 99 ms. Found 1 JPA repository interface.
2024-03-04T10:21:34.743+05:30  INFO 6628 --- [restartedMain] o.s.b.w.embedded.tomcat.TomcatWebServer  : Tomcat initialized with port 8080 (http)
2024-03-04T10:21:34.784+05:30  INFO 6628 --- [restartedMain] o.apache.catalina.core.StandardService   : Starting service [Tomcat]
2024-03-04T10:21:34.800+05:30  INFO 6628 --- [restartedMain] o.apache.catalina.core.StandardEngine    : Starting Servlet engine: [Apache Tomcat/10.1.18]
2024-03-04T10:21:35.006+05:30  INFO 6628 --- [restartedMain] o.a.c.c.C.[Tomcat].[localhost].[/]       : Initializing Spring embedded WebApplicationContext
2024-03-04T10:21:35.006+05:30  INFO 6628 --- [restartedMain] w.s.c.ServletWebServerApplicationContext : Root WebApplicationContext: initialization completed in 4030 ms
2024-03-04T10:21:35.478+05:30  INFO 6628 --- [restartedMain] o.hibernate.jpa.internal.util.LogHelper  : HHH000204: Processing PersistenceUnitInfo [name: default]
2024-03-04T10:21:35.645+05:30  INFO 6628 --- [restartedMain] org.hibernate.Version                    : HHH000412: Hibernate ORM core version 6.4.1.Final
2024-03-04T10:21:35.757+05:30  INFO 6628 --- [restartedMain] o.h.c.internal.RegionFactoryInitiator    : HHH000026: Second-level cache disabled
2024-03-04T10:21:36.291+05:30  INFO 6628 --- [restartedMain] o.s.o.j.p.SpringPersistenceUnitInfo      : No LoadTimeWeaver setup: ignoring JPA class transformer
2024-03-04T10:21:36.361+05:30  INFO 6628 --- [restartedMain] com.zaxxer.hikari.HikariDataSource       : HikariPool-1 - Starting...
2024-03-04T10:21:37.034+05:30  INFO 6628 --- [restartedMain] com.zaxxer.hikari.pool.HikariPool        : HikariPool-1 - Added connection com.mysql.cj.jdbc.ConnectionImpl@5a97aeb2
2024-03-04T10:21:37.040+05:30  INFO 6628 --- [restartedMain] com.zaxxer.hikari.HikariDataSource       : HikariPool-1 - Start completed.
2024-03-04T10:21:39.347+05:30  INFO 6628 --- [restartedMain] o.h.e.t.j.p.i.JtaPlatformInitiator       : HHH000489: No JTA platform available (set 'hibernate.transaction.jta.platform' to enable JTA platform integration)
2024-03-04T10:21:39.510+05:30  INFO 6628 --- [restartedMain] j.LocalContainerEntityManagerFactoryBean : Initialized JPA EntityManagerFactory for persistence unit 'default'
2024-03-04T10:21:40.280+05:30  WARN 6628 --- [restartedMain] JpaBaseConfiguration$JpaWebConfiguration : spring.jpa.open-in-view is enabled by default. Therefore, database queries may be performed during view rendering. Explicitly configure spring.jpa.open-in-view to disable this warning
2024-03-04T10:21:41.280+05:30  INFO 6628 --- [restartedMain] o.s.b.d.a.OptionalLiveReloadServer       : LiveReload server is running on port 35729
2024-03-04T10:21:41.363+05:30  INFO 6628 --- [restartedMain] o.s.b.w.embedded.tomcat.TomcatWebServer  : Tomcat started on port 8080 (http) with context path ''
2024-03-04T10:21:41.405+05:30  INFO 6628 --- [restartedMain] com.example.project.ProjectApplication   : Started ProjectApplication in 11.643 seconds (process running for 12.678)
2024-03-04T10:22:17.921+05:30  INFO 6628 --- [http-nio-8080-exec-2] o.a.c.c.C.[Tomcat].[localhost].[/]       : Initializing Spring DispatcherServlet 'dispatcherServlet'
2024-03-04T10:22:17.925+05:30  INFO 6628 --- [http-nio-8080-exec-2] o.s.web.servlet.DispatcherServlet        : Initializing Servlet 'dispatcherServlet'
2024-03-04T10:22:17.928+05:30  INFO 6628 --- [http-nio-8080-exec-2] o.s.web.servlet.DispatcherServlet        : Completed initialization in 1 ms
2024-03-04T10:22:18.059+05:30  INFO 6628 --- [http-nio-8080-exec-2] c.e.project.controller.SignUpController  : INFO enabled
2024-03-04T10:22:18.059+05:30 ERROR 6628 --- [http-nio-8080-exec-2] c.e.project.controller.SignUpController  : Error Enabled
2024-03-04T10:22:18.063+05:30 DEBUG 6628 --- [http-nio-8080-exec-2] c.e.project.controller.SignUpController  : Debug Enabled
2024-03-04T10:22:18.194+05:30  WARN 6628 --- [http-nio-8080-exec-3] .w.s.m.s.DefaultHandlerExceptionResolver : Resolved [org.springframework.web.method.annotation.MethodArgumentTypeMismatchException: Failed to convert value of type 'java.lang.String' to required type 'int'; For input string: "favicon.ico"]
2024-03-04T10:23:41.481+05:30  INFO 6628 --- [File Watcher] rtingClassPathChangeChangedEventListener : Restarting due to 1 class path change (0 additions, 0 deletions, 1 modification)
2024-03-04T10:23:41.523+05:30  INFO 6628 --- [Thread-5] j.LocalContainerEntityManagerFactoryBean : Closing JPA EntityManagerFactory for persistence unit 'default'
2024-03-04T10:23:41.536+05:30  INFO 6628 --- [Thread-5] com.zaxxer.hikari.HikariDataSource       : HikariPool-1 - Shutdown initiated...
2024-03-04T10:23:41.570+05:30  INFO 6628 --- [Thread-5] com.zaxxer.hikari.HikariDataSource       : HikariPool-1 - Shutdown completed.
2024-03-04T10:23:41.935+05:30  INFO 6628 --- [restartedMain] com.example.project.ProjectApplication   : Starting ProjectApplication using Java 17.0.10 with PID 6628 (C:\Users\welcome\Downloads\project\project\target\classes started by welcome in C:\Users\welcome\Downloads\project)
2024-03-04T10:23:41.961+05:30 DEBUG 6628 --- [restartedMain] com.example.project.ProjectApplication   : Running with Spring Boot v3.2.2, Spring v6.1.3
2024-03-04T10:23:41.978+05:30  INFO 6628 --- [restartedMain] com.example.project.ProjectApplication   : No active profile set, falling back to 1 default profile: "default"
2024-03-04T10:23:42.816+05:30  INFO 6628 --- [restartedMain] .s.d.r.c.RepositoryConfigurationDelegate : Bootstrapping Spring Data JPA repositories in DEFAULT mode.
2024-03-04T10:23:42.837+05:30  INFO 6628 --- [restartedMain] .s.d.r.c.RepositoryConfigurationDelegate : Finished Spring Data repository scanning in 23 ms. Found 1 JPA repository interface.
2024-03-04T10:23:43.244+05:30  INFO 6628 --- [restartedMain] o.s.b.w.embedded.tomcat.TomcatWebServer  : Tomcat initialized with port 8080 (http)
2024-03-04T10:23:43.257+05:30  INFO 6628 --- [restartedMain] o.apache.catalina.core.StandardService   : Starting service [Tomcat]
2024-03-04T10:23:43.265+05:30  INFO 6628 --- [restartedMain] o.apache.catalina.core.StandardEngine    : Starting Servlet engine: [Apache Tomcat/10.1.18]
2024-03-04T10:23:43.386+05:30  INFO 6628 --- [restartedMain] o.a.c.c.C.[Tomcat].[localhost].[/]       : Initializing Spring embedded WebApplicationContext
2024-03-04T10:23:43.392+05:30  INFO 6628 --- [restartedMain] w.s.c.ServletWebServerApplicationContext : Root WebApplicationContext: initialization completed in 1397 ms
2024-03-04T10:23:43.520+05:30  INFO 6628 --- [restartedMain] o.hibernate.jpa.internal.util.LogHelper  : HHH000204: Processing PersistenceUnitInfo [name: default]
2024-03-04T10:23:43.538+05:30  INFO 6628 --- [restartedMain] o.h.c.internal.RegionFactoryInitiator    : HHH000026: Second-level cache disabled
2024-03-04T10:23:43.583+05:30  INFO 6628 --- [restartedMain] o.s.o.j.p.SpringPersistenceUnitInfo      : No LoadTimeWeaver setup: ignoring JPA class transformer
2024-03-04T10:23:43.607+05:30  INFO 6628 --- [restartedMain] com.zaxxer.hikari.HikariDataSource       : HikariPool-2 - Starting...
2024-03-04T10:23:43.680+05:30  INFO 6628 --- [restartedMain] com.zaxxer.hikari.pool.HikariPool        : HikariPool-2 - Added connection com.mysql.cj.jdbc.ConnectionImpl@24d57d1d
2024-03-04T10:23:43.699+05:30  INFO 6628 --- [restartedMain] com.zaxxer.hikari.HikariDataSource       : HikariPool-2 - Start completed.
2024-03-04T10:23:43.878+05:30  INFO 6628 --- [restartedMain] o.h.e.t.j.p.i.JtaPlatformInitiator       : HHH000489: No JTA platform available (set 'hibernate.transaction.jta.platform' to enable JTA platform integration)
2024-03-04T10:23:43.901+05:30  INFO 6628 --- [restartedMain] j.LocalContainerEntityManagerFactoryBean : Initialized JPA EntityManagerFactory for persistence unit 'default'
2024-03-04T10:23:44.334+05:30  WARN 6628 --- [restartedMain] JpaBaseConfiguration$JpaWebConfiguration : spring.jpa.open-in-view is enabled by default. Therefore, database queries may be performed during view rendering. Explicitly configure spring.jpa.open-in-view to disable this warning
2024-03-04T10:23:45.075+05:30  INFO 6628 --- [restartedMain] o.s.b.d.a.OptionalLiveReloadServer       : LiveReload server is running on port 35729
2024-03-04T10:23:45.098+05:30  INFO 6628 --- [restartedMain] o.s.b.w.embedded.tomcat.TomcatWebServer  : Tomcat started on port 8080 (http) with context path ''
2024-03-04T10:23:45.110+05:30  INFO 6628 --- [restartedMain] com.example.project.ProjectApplication   : Started ProjectApplication in 3.423 seconds (process running for 136.385)
2024-03-04T10:23:45.134+05:30  INFO 6628 --- [restartedMain] .ConditionEvaluationDeltaLoggingListener : Condition evaluation unchanged
2024-03-04T10:23:46.523+05:30  INFO 6628 --- [File Watcher] rtingClassPathChangeChangedEventListener : Restarting due to 1 class path change (0 additions, 0 deletions, 1 modification)
2024-03-04T10:23:46.579+05:30  INFO 6628 --- [Thread-7] j.LocalContainerEntityManagerFactoryBean : Closing JPA EntityManagerFactory for persistence unit 'default'
2024-03-04T10:23:46.584+05:30  INFO 6628 --- [Thread-7] com.zaxxer.hikari.HikariDataSource       : HikariPool-2 - Shutdown initiated...
2024-03-04T10:23:46.653+05:30  INFO 6628 --- [Thread-7] com.zaxxer.hikari.HikariDataSource       : HikariPool-2 - Shutdown completed.
2024-03-04T10:23:46.815+05:30  INFO 6628 --- [restartedMain] com.example.project.ProjectApplication   : Starting ProjectApplication using Java 17.0.10 with PID 6628 (C:\Users\welcome\Downloads\project\project\target\classes started by welcome in C:\Users\welcome\Downloads\project)
2024-03-04T10:23:46.819+05:30 DEBUG 6628 --- [restartedMain] com.example.project.ProjectApplication   : Running with Spring Boot v3.2.2, Spring v6.1.3
2024-03-04T10:23:46.821+05:30  INFO 6628 --- [restartedMain] com.example.project.ProjectApplication   : No active profile set, falling back to 1 default profile: "default"
2024-03-04T10:23:47.847+05:30  INFO 6628 --- [restartedMain] .s.d.r.c.RepositoryConfigurationDelegate : Bootstrapping Spring Data JPA repositories in DEFAULT mode.
2024-03-04T10:23:47.914+05:30  INFO 6628 --- [restartedMain] .s.d.r.c.RepositoryConfigurationDelegate : Finished Spring Data repository scanning in 56 ms. Found 1 JPA repository interface.
2024-03-04T10:23:48.185+05:30  INFO 6628 --- [restartedMain] o.s.b.w.embedded.tomcat.TomcatWebServer  : Tomcat initialized with port 8080 (http)
2024-03-04T10:23:48.189+05:30  INFO 6628 --- [restartedMain] o.apache.catalina.core.StandardService   : Starting service [Tomcat]
2024-03-04T10:23:48.194+05:30  INFO 6628 --- [restartedMain] o.apache.catalina.core.StandardEngine    : Starting Servlet engine: [Apache Tomcat/10.1.18]
2024-03-04T10:23:48.299+05:30  INFO 6628 --- [restartedMain] o.a.c.c.C.[Tomcat].[localhost].[/]       : Initializing Spring embedded WebApplicationContext
2024-03-04T10:23:48.309+05:30  INFO 6628 --- [restartedMain] w.s.c.ServletWebServerApplicationContext : Root WebApplicationContext: initialization completed in 1452 ms
2024-03-04T10:23:48.484+05:30  INFO 6628 --- [restartedMain] o.hibernate.jpa.internal.util.LogHelper  : HHH000204: Processing PersistenceUnitInfo [name: default]
2024-03-04T10:23:48.630+05:30  INFO 6628 --- [restartedMain] o.h.c.internal.RegionFactoryInitiator    : HHH000026: Second-level cache disabled
2024-03-04T10:23:48.643+05:30  INFO 6628 --- [restartedMain] o.s.o.j.p.SpringPersistenceUnitInfo      : No LoadTimeWeaver setup: ignoring JPA class transformer
2024-03-04T10:23:48.644+05:30  INFO 6628 --- [restartedMain] com.zaxxer.hikari.HikariDataSource       : HikariPool-3 - Starting...
2024-03-04T10:23:48.682+05:30  INFO 6628 --- [restartedMain] com.zaxxer.hikari.pool.HikariPool        : HikariPool-3 - Added connection com.mysql.cj.jdbc.ConnectionImpl@726cd8d4
2024-03-04T10:23:48.682+05:30  INFO 6628 --- [restartedMain] com.zaxxer.hikari.HikariDataSource       : HikariPool-3 - Start completed.
2024-03-04T10:23:48.824+05:30  INFO 6628 --- [restartedMain] o.h.e.t.j.p.i.JtaPlatformInitiator       : HHH000489: No JTA platform available (set 'hibernate.transaction.jta.platform' to enable JTA platform integration)
2024-03-04T10:23:48.873+05:30  INFO 6628 --- [restartedMain] j.LocalContainerEntityManagerFactoryBean : Initialized JPA EntityManagerFactory for persistence unit 'default'
2024-03-04T10:23:49.443+05:30  WARN 6628 --- [restartedMain] JpaBaseConfiguration$JpaWebConfiguration : spring.jpa.open-in-view is enabled by default. Therefore, database queries may be performed during view rendering. Explicitly configure spring.jpa.open-in-view to disable this warning
2024-03-04T10:23:49.829+05:30  INFO 6628 --- [restartedMain] o.s.b.d.a.OptionalLiveReloadServer       : LiveReload server is running on port 35729
2024-03-04T10:23:49.896+05:30  INFO 6628 --- [restartedMain] o.s.b.w.embedded.tomcat.TomcatWebServer  : Tomcat started on port 8080 (http) with context path ''
2024-03-04T10:23:49.912+05:30  INFO 6628 --- [restartedMain] com.example.project.ProjectApplication   : Started ProjectApplication in 3.156 seconds (process running for 141.181)
2024-03-04T10:23:49.926+05:30  INFO 6628 --- [restartedMain] .ConditionEvaluationDeltaLoggingListener : Condition evaluation unchanged
2024-03-04T10:23:51.304+05:30  INFO 6628 --- [File Watcher] rtingClassPathChangeChangedEventListener : Restarting due to 1 class path change (0 additions, 0 deletions, 1 modification)
2024-03-04T10:23:51.388+05:30  INFO 6628 --- [Thread-11] j.LocalContainerEntityManagerFactoryBean : Closing JPA EntityManagerFactory for persistence unit 'default'
2024-03-04T10:23:51.397+05:30  INFO 6628 --- [Thread-11] com.zaxxer.hikari.HikariDataSource       : HikariPool-3 - Shutdown initiated...
2024-03-04T10:23:51.423+05:30  INFO 6628 --- [Thread-11] com.zaxxer.hikari.HikariDataSource       : HikariPool-3 - Shutdown completed.
2024-03-04 10:23:55,927 []2024-03-04 10:23:55,932 []2024-03-04 10:23:55,936 []2024-03-04 10:23:56,479 []2024-03-04 10:23:56,494 []2024-03-04 10:23:56,664 []2024-03-04 10:23:56,672 []2024-03-04 10:23:56,673 []2024-03-04 10:23:56,713 []2024-03-04 10:23:56,724 []2024-03-04 10:23:56,820 []2024-03-04 10:23:56,825 []2024-03-04 10:23:56,842 []2024-03-04 10:23:56,853 []2024-03-04 10:23:56,898 []2024-03-04 10:23:56,898 []2024-03-04 10:23:56,980 []2024-03-04 10:23:56,995 []2024-03-04 10:23:57,317 []2024-03-04 10:23:57,666 []2024-03-04 10:23:57,680 []2024-03-04 10:23:57,683 []2024-03-04 10:23:57,694 []2024-03-04 10:23:59,134 []2024-03-04 10:23:59,199 []2024-03-04 10:23:59,216 []2024-03-04 10:23:59,239 []2024-03-04 10:24:02,740 [%PARSER_ERROR[level1]]2024-03-04 10:24:02,740 [%PARSER_ERROR[level1]]2024-03-04 10:24:02,752 [%PARSER_ERROR[level1]]2024-03-04 10:24:03,154 [%PARSER_ERROR[level1]]2024-03-04 10:24:03,162 [%PARSER_ERROR[level1]]2024-03-04 10:24:03,330 [%PARSER_ERROR[level1]]2024-03-04 10:24:03,330 [%PARSER_ERROR[level1]]2024-03-04 10:24:03,330 [%PARSER_ERROR[level1]]2024-03-04 10:24:03,401 [%PARSER_ERROR[level1]]2024-03-04 10:24:03,402 [%PARSER_ERROR[level1]]2024-03-04 10:24:03,518 [%PARSER_ERROR[level1]]2024-03-04 10:24:03,529 [%PARSER_ERROR[level1]]2024-03-04 10:24:03,554 [%PARSER_ERROR[level1]]2024-03-04 10:24:03,576 [%PARSER_ERROR[level1]]2024-03-04 10:24:03,635 [%PARSER_ERROR[level1]]2024-03-04 10:24:03,637 [%PARSER_ERROR[level1]]2024-03-04 10:24:03,718 [%PARSER_ERROR[level1]]2024-03-04 10:24:03,739 [%PARSER_ERROR[level1]]2024-03-04 10:24:04,072 [%PARSER_ERROR[level1]]2024-03-04 10:24:04,335 [%PARSER_ERROR[level1]]2024-03-04 10:24:04,355 [%PARSER_ERROR[level1]]2024-03-04 10:24:04,371 [%PARSER_ERROR[level1]]2024-03-04 10:24:04,386 [%PARSER_ERROR[level1]]2024-03-04 10:24:07,850 [%PARSER_ERROR[level1]]2024-03-04 10:24:07,905 [%PARSER_ERROR[level1]]2024-03-04 10:24:07,909 [%PARSER_ERROR[level1]]2024-03-04 10:24:07,932 [%PARSER_ERROR[level1]]2024-03-04 10:24:08,127 [INFO]2024-03-04 10:24:08,130 [DEBUG]2024-03-04 10:24:08,130 [INFO]2024-03-04 10:24:08,641 [INFO]2024-03-04 10:24:08,661 [INFO]2024-03-04 10:24:08,875 [INFO]2024-03-04 10:24:08,875 [INFO]2024-03-04 10:24:08,886 [INFO]2024-03-04 10:24:08,959 [INFO]2024-03-04 10:24:08,975 [INFO]2024-03-04 10:24:09,124 [INFO]2024-03-04 10:24:09,126 [INFO]2024-03-04 10:24:09,142 [INFO]2024-03-04 10:24:09,150 [INFO]2024-03-04 10:24:09,192 [INFO]2024-03-04 10:24:09,192 [INFO]2024-03-04 10:24:09,290 [INFO]2024-03-04 10:24:09,301 [INFO]2024-03-04 10:24:09,646 [WARN]2024-03-04 10:24:09,920 [INFO]2024-03-04 10:24:09,935 [INFO]2024-03-04 10:24:09,945 [INFO]2024-03-04 10:24:09,984 [INFO]2024-03-04 10:24:11,350 [INFO]2024-03-04 10:24:11,377 [INFO]2024-03-04 10:24:11,380 [INFO]2024-03-04 10:24:11,404 [INFO]2024-03-04 10:24:17,175 [INFO] com.example.project.ProjectApplication2024-03-04 10:24:17,178 [DEBUG] com.example.project.ProjectApplication2024-03-04 10:24:17,179 [INFO] com.example.project.ProjectApplication2024-03-04 10:24:17,806 [INFO] org.springframework.data.repository.config.RepositoryConfigurationDelegate2024-03-04 10:24:17,865 [INFO] org.springframework.data.repository.config.RepositoryConfigurationDelegate2024-03-04 10:24:18,155 [INFO] org.springframework.boot.web.embedded.tomcat.TomcatWebServer2024-03-04 10:24:18,155 [INFO] org.apache.catalina.core.StandardService2024-03-04 10:24:18,155 [INFO] org.apache.catalina.core.StandardEngine2024-03-04 10:24:18,230 [INFO] org.apache.catalina.core.ContainerBase.[Tomcat].[localhost].[/]2024-03-04 10:24:18,230 [INFO] org.springframework.boot.web.servlet.context.ServletWebServerApplicationContext2024-03-04 10:24:18,401 [INFO] org.hibernate.jpa.internal.util.LogHelper2024-03-04 10:24:18,410 [INFO] org.hibernate.cache.internal.RegionFactoryInitiator2024-03-04 10:24:18,455 [INFO] org.springframework.orm.jpa.persistenceunit.SpringPersistenceUnitInfo2024-03-04 10:24:18,464 [INFO] com.zaxxer.hikari.HikariDataSource2024-03-04 10:24:18,518 [INFO] com.zaxxer.hikari.pool.HikariPool2024-03-04 10:24:18,525 [INFO] com.zaxxer.hikari.HikariDataSource2024-03-04 10:24:18,617 [INFO] org.hibernate.engine.transaction.jta.platform.internal.JtaPlatformInitiator2024-03-04 10:24:18,633 [INFO] org.springframework.orm.jpa.LocalContainerEntityManagerFactoryBean2024-03-04 10:24:18,827 [WARN] org.springframework.boot.autoconfigure.orm.jpa.JpaBaseConfiguration$JpaWebConfiguration2024-03-04 10:24:19,065 [INFO] org.springframework.boot.devtools.autoconfigure.OptionalLiveReloadServer2024-03-04 10:24:19,078 [INFO] org.springframework.boot.web.embedded.tomcat.TomcatWebServer2024-03-04 10:24:19,084 [INFO] com.example.project.ProjectApplication2024-03-04 10:24:19,086 [INFO] org.springframework.boot.devtools.autoconfigure.ConditionEvaluationDeltaLoggingListener2024-03-04 10:24:20,507 [INFO] org.springframework.boot.devtools.autoconfigure.LocalDevToolsAutoConfiguration$RestartingClassPathChangeChangedEventListener2024-03-04 10:24:20,533 [INFO] org.springframework.orm.jpa.LocalContainerEntityManagerFactoryBean2024-03-04 10:24:20,535 [INFO] com.zaxxer.hikari.HikariDataSource2024-03-04 10:24:20,552 [INFO] com.zaxxer.hikari.HikariDataSource2024-03-04 10:24:20,708 [INFO] com.example.project.ProjectApplication []2024-03-04 10:24:20,709 [DEBUG] com.example.project.ProjectApplication []2024-03-04 10:24:20,712 [INFO] com.example.project.ProjectApplication []2024-03-04 10:24:21,685 [INFO] org.springframework.data.repository.config.RepositoryConfigurationDelegate []2024-03-04 10:24:21,714 [INFO] org.springframework.data.repository.config.RepositoryConfigurationDelegate []2024-03-04 10:24:21,950 [INFO] org.springframework.boot.web.embedded.tomcat.TomcatWebServer []2024-03-04 10:24:21,954 [INFO] org.apache.catalina.core.StandardService []2024-03-04 10:24:21,956 [INFO] org.apache.catalina.core.StandardEngine []2024-03-04 10:24:22,041 [INFO] org.apache.catalina.core.ContainerBase.[Tomcat].[localhost].[/] []2024-03-04 10:24:22,045 [INFO] org.springframework.boot.web.servlet.context.ServletWebServerApplicationContext []2024-03-04 10:24:22,134 [INFO] org.hibernate.jpa.internal.util.LogHelper []2024-03-04 10:24:22,143 [INFO] org.hibernate.cache.internal.RegionFactoryInitiator []2024-03-04 10:24:22,148 [INFO] org.springframework.orm.jpa.persistenceunit.SpringPersistenceUnitInfo []2024-03-04 10:24:22,164 [INFO] com.zaxxer.hikari.HikariDataSource []2024-03-04 10:24:22,190 [INFO] com.zaxxer.hikari.pool.HikariPool []2024-03-04 10:24:22,190 [INFO] com.zaxxer.hikari.HikariDataSource []2024-03-04 10:24:22,271 [INFO] org.hibernate.engine.transaction.jta.platform.internal.JtaPlatformInitiator []2024-03-04 10:24:22,306 [INFO] org.springframework.orm.jpa.LocalContainerEntityManagerFactoryBean []2024-03-04 10:24:22,689 [WARN] org.springframework.boot.autoconfigure.orm.jpa.JpaBaseConfiguration$JpaWebConfiguration []2024-03-04 10:24:22,978 [INFO] org.springframework.boot.devtools.autoconfigure.OptionalLiveReloadServer []2024-03-04 10:24:22,999 [INFO] org.springframework.boot.web.embedded.tomcat.TomcatWebServer []2024-03-04 10:24:23,020 [INFO] com.example.project.ProjectApplication []2024-03-04 10:24:23,041 [INFO] org.springframework.boot.devtools.autoconfigure.ConditionEvaluationDeltaLoggingListener []2024-03-04 10:24:24,470 [INFO] org.springframework.boot.devtools.autoconfigure.LocalDevToolsAutoConfiguration$RestartingClassPathChangeChangedEventListener []2024-03-04 10:24:24,516 [INFO] org.springframework.orm.jpa.LocalContainerEntityManagerFactoryBean []2024-03-04 10:24:24,519 [INFO] com.zaxxer.hikari.HikariDataSource []2024-03-04 10:24:24,529 [INFO] com.zaxxer.hikari.HikariDataSource []2024-03-04 10:24:24,679 [INFO] com.example.project.ProjectApplication [restartedMain]2024-03-04 10:24:24,680 [DEBUG] com.example.project.ProjectApplication [restartedMain]2024-03-04 10:24:24,682 [INFO] com.example.project.ProjectApplication [restartedMain]2024-03-04 10:24:24,994 [INFO] org.springframework.data.repository.config.RepositoryConfigurationDelegate [restartedMain]2024-03-04 10:24:25,006 [INFO] org.springframework.data.repository.config.RepositoryConfigurationDelegate [restartedMain]2024-03-04 10:24:25,159 [INFO] org.springframework.boot.web.embedded.tomcat.TomcatWebServer [restartedMain]2024-03-04 10:24:25,161 [INFO] org.apache.catalina.core.StandardService [restartedMain]2024-03-04 10:24:25,163 [INFO] org.apache.catalina.core.StandardEngine [restartedMain]2024-03-04 10:24:25,219 [INFO] org.apache.catalina.core.ContainerBase.[Tomcat].[localhost].[/] [restartedMain]2024-03-04 10:24:25,225 [INFO] org.springframework.boot.web.servlet.context.ServletWebServerApplicationContext [restartedMain]2024-03-04 10:24:25,304 [INFO] org.hibernate.jpa.internal.util.LogHelper [restartedMain]2024-03-04 10:24:25,312 [INFO] org.hibernate.cache.internal.RegionFactoryInitiator [restartedMain]2024-03-04 10:24:25,319 [INFO] org.springframework.orm.jpa.persistenceunit.SpringPersistenceUnitInfo [restartedMain]2024-03-04 10:24:25,324 [INFO] com.zaxxer.hikari.HikariDataSource [restartedMain]2024-03-04 10:24:25,352 [INFO] com.zaxxer.hikari.pool.HikariPool [restartedMain]2024-03-04 10:24:25,352 [INFO] com.zaxxer.hikari.HikariDataSource [restartedMain]2024-03-04 10:24:25,419 [INFO] org.hibernate.engine.transaction.jta.platform.internal.JtaPlatformInitiator [restartedMain]2024-03-04 10:24:25,436 [INFO] org.springframework.orm.jpa.LocalContainerEntityManagerFactoryBean [restartedMain]2024-03-04 10:24:25,746 [WARN] org.springframework.boot.autoconfigure.orm.jpa.JpaBaseConfiguration$JpaWebConfiguration [restartedMain]2024-03-04 10:24:26,066 [INFO] org.springframework.boot.devtools.autoconfigure.OptionalLiveReloadServer [restartedMain]2024-03-04 10:24:26,081 [INFO] org.springframework.boot.web.embedded.tomcat.TomcatWebServer [restartedMain]2024-03-04 10:24:26,099 [INFO] com.example.project.ProjectApplication [restartedMain]2024-03-04 10:24:26,103 [INFO] org.springframework.boot.devtools.autoconfigure.ConditionEvaluationDeltaLoggingListener [restartedMain]2024-03-04 10:24:27,510 [INFO] org.springframework.boot.devtools.autoconfigure.LocalDevToolsAutoConfiguration$RestartingClassPathChangeChangedEventListener [File Watcher]2024-03-04 10:24:27,529 [INFO] org.springframework.orm.jpa.LocalContainerEntityManagerFactoryBean [Thread-47]2024-03-04 10:24:27,534 [INFO] com.zaxxer.hikari.HikariDataSource [Thread-47]2024-03-04 10:24:27,585 [INFO] com.zaxxer.hikari.HikariDataSource [Thread-47]2024-03-04 10:25:00,807 [INFO] com.example.project.ProjectApplication [restartedMain] 2024-03-04 10:25:00,808 [DEBUG] com.example.project.ProjectApplication [restartedMain] 2024-03-04 10:25:00,809 [INFO] com.example.project.ProjectApplication [restartedMain] 2024-03-04 10:25:01,049 [INFO] org.springframework.data.repository.config.RepositoryConfigurationDelegate [restartedMain] 2024-03-04 10:25:01,056 [INFO] org.springframework.data.repository.config.RepositoryConfigurationDelegate [restartedMain] 2024-03-04 10:25:01,182 [INFO] org.springframework.boot.web.embedded.tomcat.TomcatWebServer [restartedMain] 2024-03-04 10:25:01,190 [INFO] org.apache.catalina.core.StandardService [restartedMain] 2024-03-04 10:25:01,190 [INFO] org.apache.catalina.core.StandardEngine [restartedMain] 2024-03-04 10:25:01,223 [INFO] org.apache.catalina.core.ContainerBase.[Tomcat].[localhost].[/] [restartedMain] 2024-03-04 10:25:01,226 [INFO] org.springframework.boot.web.servlet.context.ServletWebServerApplicationContext [restartedMain] 2024-03-04 10:25:01,290 [INFO] org.hibernate.jpa.internal.util.LogHelper [restartedMain] 2024-03-04 10:25:01,297 [INFO] org.hibernate.cache.internal.RegionFactoryInitiator [restartedMain] 2024-03-04 10:25:01,308 [INFO] org.springframework.orm.jpa.persistenceunit.SpringPersistenceUnitInfo [restartedMain] 2024-03-04 10:25:01,309 [INFO] com.zaxxer.hikari.HikariDataSource [restartedMain] 2024-03-04 10:25:01,331 [INFO] com.zaxxer.hikari.pool.HikariPool [restartedMain] 2024-03-04 10:25:01,331 [INFO] com.zaxxer.hikari.HikariDataSource [restartedMain] 2024-03-04 10:25:01,395 [INFO] org.hibernate.engine.transaction.jta.platform.internal.JtaPlatformInitiator [restartedMain] 2024-03-04 10:25:01,410 [INFO] org.springframework.orm.jpa.LocalContainerEntityManagerFactoryBean [restartedMain] 2024-03-04 10:25:01,546 [WARN] org.springframework.boot.autoconfigure.orm.jpa.JpaBaseConfiguration$JpaWebConfiguration [restartedMain] 2024-03-04 10:25:01,795 [INFO] org.springframework.boot.devtools.autoconfigure.OptionalLiveReloadServer [restartedMain] 2024-03-04 10:25:01,824 [INFO] org.springframework.boot.web.embedded.tomcat.TomcatWebServer [restartedMain] 2024-03-04 10:25:01,826 [INFO] com.example.project.ProjectApplication [restartedMain] 2024-03-04 10:25:01,826 [INFO] org.springframework.boot.devtools.autoconfigure.ConditionEvaluationDeltaLoggingListener [restartedMain] 2024-03-04 10:25:04,249 [INFO] org.springframework.boot.devtools.autoconfigure.LocalDevToolsAutoConfiguration$RestartingClassPathChangeChangedEventListener [File Watcher] 2024-03-04 10:25:04,294 [INFO] org.springframework.orm.jpa.LocalContainerEntityManagerFactoryBean [Thread-51] 2024-03-04 10:25:04,302 [INFO] com.zaxxer.hikari.HikariDataSource [Thread-51] 2024-03-04 10:25:04,335 [INFO] com.zaxxer.hikari.HikariDataSource [Thread-51] 2024-03-04 10:25:10,053 [INFO] com.example.project.ProjectApplication [restartedMain] 
2024-03-04 10:25:10,075 [DEBUG] com.example.project.ProjectApplication [restartedMain] 
2024-03-04 10:25:10,077 [INFO] com.example.project.ProjectApplication [restartedMain] 
2024-03-04 10:25:10,309 [INFO] org.springframework.data.repository.config.RepositoryConfigurationDelegate [restartedMain] 
2024-03-04 10:25:10,323 [INFO] org.springframework.data.repository.config.RepositoryConfigurationDelegate [restartedMain] 
2024-03-04 10:25:10,428 [INFO] org.springframework.boot.web.embedded.tomcat.TomcatWebServer [restartedMain] 
2024-03-04 10:25:10,431 [INFO] org.apache.catalina.core.StandardService [restartedMain] 
2024-03-04 10:25:10,432 [INFO] org.apache.catalina.core.StandardEngine [restartedMain] 
2024-03-04 10:25:10,467 [INFO] org.apache.catalina.core.ContainerBase.[Tomcat].[localhost].[/] [restartedMain] 
2024-03-04 10:25:10,470 [INFO] org.springframework.boot.web.servlet.context.ServletWebServerApplicationContext [restartedMain] 
2024-03-04 10:25:10,516 [INFO] org.hibernate.jpa.internal.util.LogHelper [restartedMain] 
2024-03-04 10:25:10,533 [INFO] org.hibernate.cache.internal.RegionFactoryInitiator [restartedMain] 
2024-03-04 10:25:10,535 [INFO] org.springframework.orm.jpa.persistenceunit.SpringPersistenceUnitInfo [restartedMain] 
2024-03-04 10:25:10,546 [INFO] com.zaxxer.hikari.HikariDataSource [restartedMain] 
2024-03-04 10:25:10,564 [INFO] com.zaxxer.hikari.pool.HikariPool [restartedMain] 
2024-03-04 10:25:10,564 [INFO] com.zaxxer.hikari.HikariDataSource [restartedMain] 
2024-03-04 10:25:10,624 [INFO] org.hibernate.engine.transaction.jta.platform.internal.JtaPlatformInitiator [restartedMain] 
2024-03-04 10:25:10,629 [INFO] org.springframework.orm.jpa.LocalContainerEntityManagerFactoryBean [restartedMain] 
2024-03-04 10:25:10,807 [WARN] org.springframework.boot.autoconfigure.orm.jpa.JpaBaseConfiguration$JpaWebConfiguration [restartedMain] 
2024-03-04 10:25:11,073 [INFO] org.springframework.boot.devtools.autoconfigure.OptionalLiveReloadServer [restartedMain] 
2024-03-04 10:25:11,084 [INFO] org.springframework.boot.web.embedded.tomcat.TomcatWebServer [restartedMain] 
2024-03-04 10:25:11,091 [INFO] com.example.project.ProjectApplication [restartedMain] 
2024-03-04 10:25:11,096 [INFO] org.springframework.boot.devtools.autoconfigure.ConditionEvaluationDeltaLoggingListener [restartedMain] 
2024-03-04 10:25:12,510 [INFO] org.springframework.boot.devtools.autoconfigure.LocalDevToolsAutoConfiguration$RestartingClassPathChangeChangedEventListener [File Watcher] 
2024-03-04 10:25:12,532 [INFO] org.springframework.orm.jpa.LocalContainerEntityManagerFactoryBean [Thread-63] 
2024-03-04 10:25:12,532 [INFO] com.zaxxer.hikari.HikariDataSource [Thread-63] 
2024-03-04 10:25:12,545 [INFO] com.zaxxer.hikari.HikariDataSource [Thread-63] 
2024-03-04 10:25:12,680 [INFO] com.example.project.ProjectApplication [restartedMain] 

2024-03-04 10:25:12,682 [DEBUG] com.example.project.ProjectApplication [restartedMain] 

2024-03-04 10:25:12,682 [INFO] com.example.project.ProjectApplication [restartedMain] 

2024-03-04 10:25:13,006 [INFO] org.springframework.data.repository.config.RepositoryConfigurationDelegate [restartedMain] 

2024-03-04 10:25:13,018 [INFO] org.springframework.data.repository.config.RepositoryConfigurationDelegate [restartedMain] 

2024-03-04 10:25:13,158 [INFO] org.springframework.boot.web.embedded.tomcat.TomcatWebServer [restartedMain] 

2024-03-04 10:25:13,166 [INFO] org.apache.catalina.core.StandardService [restartedMain] 

2024-03-04 10:25:13,167 [INFO] org.apache.catalina.core.StandardEngine [restartedMain] 

2024-03-04 10:25:13,193 [INFO] org.apache.catalina.core.ContainerBase.[Tomcat].[localhost].[/] [restartedMain] 

2024-03-04 10:25:13,194 [INFO] org.springframework.boot.web.servlet.context.ServletWebServerApplicationContext [restartedMain] 

2024-03-04 10:25:13,250 [INFO] org.hibernate.jpa.internal.util.LogHelper [restartedMain] 

2024-03-04 10:25:13,255 [INFO] org.hibernate.cache.internal.RegionFactoryInitiator [restartedMain] 

2024-03-04 10:25:13,261 [INFO] org.springframework.orm.jpa.persistenceunit.SpringPersistenceUnitInfo [restartedMain] 

2024-03-04 10:25:13,267 [INFO] com.zaxxer.hikari.HikariDataSource [restartedMain] 

2024-03-04 10:25:13,284 [INFO] com.zaxxer.hikari.pool.HikariPool [restartedMain] 

2024-03-04 10:25:13,285 [INFO] com.zaxxer.hikari.HikariDataSource [restartedMain] 

2024-03-04 10:25:13,337 [INFO] org.hibernate.engine.transaction.jta.platform.internal.JtaPlatformInitiator [restartedMain] 

2024-03-04 10:25:13,362 [INFO] org.springframework.orm.jpa.LocalContainerEntityManagerFactoryBean [restartedMain] 

2024-03-04 10:25:13,525 [WARN] org.springframework.boot.autoconfigure.orm.jpa.JpaBaseConfiguration$JpaWebConfiguration [restartedMain] 

2024-03-04 10:25:13,763 [INFO] org.springframework.boot.devtools.autoconfigure.OptionalLiveReloadServer [restartedMain] 

2024-03-04 10:25:13,792 [INFO] org.springframework.boot.web.embedded.tomcat.TomcatWebServer [restartedMain] 

2024-03-04 10:25:13,800 [INFO] com.example.project.ProjectApplication [restartedMain] 

2024-03-04 10:25:13,804 [INFO] org.springframework.boot.devtools.autoconfigure.ConditionEvaluationDeltaLoggingListener [restartedMain] 

