2024-03-06 22:05:35,772 [restartedMain] INFO  com.example.project.ProjectApplication             - Starting ProjectApplication using Java 17.0.10 with PID 6296 (C:\Users\welcome\Downloads\project\project\target\classes started by welcome in C:\Users\welcome\Downloads\project)
2024-03-06 22:05:35,786 [restartedMain] DEBUG com.example.project.ProjectApplication             - Running with Spring Boot v3.2.2, Spring v6.1.3
2024-03-06 22:05:35,847 [restartedMain] INFO  com.example.project.ProjectApplication             - No active profile set, falling back to 1 default profile: "default"
2024-03-06 22:05:36,107 [restartedMain] INFO  o.s.b.d.e.DevToolsPropertyDefaultsPostProcessor    - Devtools property defaults active! Set 'spring.devtools.add-properties' to 'false' to disable
2024-03-06 22:05:36,108 [restartedMain] INFO  o.s.b.d.e.DevToolsPropertyDefaultsPostProcessor    - For additional web related logging consider setting the 'logging.level.web' property to 'DEBUG'
2024-03-06 22:05:38,829 [restartedMain] INFO  o.s.d.r.c.RepositoryConfigurationDelegate          - Bootstrapping Spring Data JPA repositories in DEFAULT mode.
2024-03-06 22:05:38,988 [restartedMain] INFO  o.s.d.r.c.RepositoryConfigurationDelegate          - Finished Spring Data repository scanning in 110 ms. Found 1 JPA repository interface.
2024-03-06 22:05:41,029 [restartedMain] INFO  o.s.b.w.embedded.tomcat.TomcatWebServer            - Tomcat initialized with port 8080 (http)
2024-03-06 22:05:41,057 [restartedMain] INFO  o.apache.coyote.http11.Http11NioProtocol           - Initializing ProtocolHandler ["http-nio-8080"]
2024-03-06 22:05:41,065 [restartedMain] INFO  o.apache.catalina.core.StandardService             - Starting service [Tomcat]
2024-03-06 22:05:41,065 [restartedMain] INFO  org.apache.catalina.core.StandardEngine            - Starting Servlet engine: [Apache Tomcat/10.1.18]
2024-03-06 22:05:41,272 [restartedMain] INFO  o.a.c.c.C.[Tomcat].[localhost].[/]                 - Initializing Spring embedded WebApplicationContext
2024-03-06 22:05:41,274 [restartedMain] INFO  o.s.b.w.s.c.ServletWebServerApplicationContext     - Root WebApplicationContext: initialization completed in 5162 ms
2024-03-06 22:05:41,410 [restartedMain] DEBUG com.example.project.LoggingFilter                  - Filter 'loggingFilter' configured for use
2024-03-06 22:05:41,793 [restartedMain] INFO  o.hibernate.jpa.internal.util.LogHelper            - HHH000204: Processing PersistenceUnitInfo [name: default]
2024-03-06 22:05:42,110 [restartedMain] INFO  org.hibernate.Version                              - HHH000412: Hibernate ORM core version 6.4.1.Final
2024-03-06 22:05:42,254 [restartedMain] INFO  o.h.c.internal.RegionFactoryInitiator              - HHH000026: Second-level cache disabled
2024-03-06 22:05:43,053 [restartedMain] INFO  o.s.o.j.p.SpringPersistenceUnitInfo                - No LoadTimeWeaver setup: ignoring JPA class transformer
2024-03-06 22:05:43,148 [restartedMain] INFO  com.zaxxer.hikari.HikariDataSource                 - HikariPool-1 - Starting...
2024-03-06 22:05:43,895 [restartedMain] INFO  com.zaxxer.hikari.pool.HikariPool                  - HikariPool-1 - Added connection com.mysql.cj.jdbc.ConnectionImpl@4f7ccc09
2024-03-06 22:05:43,901 [restartedMain] INFO  com.zaxxer.hikari.HikariDataSource                 - HikariPool-1 - Start completed.
2024-03-06 22:05:46,845 [restartedMain] INFO  o.h.e.t.j.p.i.JtaPlatformInitiator                 - HHH000489: No JTA platform available (set 'hibernate.transaction.jta.platform' to enable JTA platform integration)
2024-03-06 22:05:47,030 [restartedMain] INFO  o.s.o.j.LocalContainerEntityManagerFactoryBean     - Initialized JPA EntityManagerFactory for persistence unit 'default'
2024-03-06 22:05:48,202 [restartedMain] WARN  o.s.b.a.o.j.JpaBaseConfiguration$JpaWebConfiguration - spring.jpa.open-in-view is enabled by default. Therefore, database queries may be performed during view rendering. Explicitly configure spring.jpa.open-in-view to disable this warning
2024-03-06 22:05:49,383 [restartedMain] INFO  o.s.b.d.a.OptionalLiveReloadServer                 - LiveReload server is running on port 35729
2024-03-06 22:05:49,436 [restartedMain] INFO  o.apache.coyote.http11.Http11NioProtocol           - Starting ProtocolHandler ["http-nio-8080"]
2024-03-06 22:05:49,527 [restartedMain] INFO  o.s.b.w.embedded.tomcat.TomcatWebServer            - Tomcat started on port 8080 (http) with context path ''
2024-03-06 22:05:49,567 [restartedMain] INFO  com.example.project.ProjectApplication             - Started ProjectApplication in 15.085 seconds (process running for 17.088)
